  glm.c
c:\users\黃孟霖\desktop\2017下\計算機圖學\hw3_103062315\cg_hw3\cg_hw3\glm.c(1450): warning C4477: 'fprintf' : format string '%d' requires an argument of type 'int', but variadic argument 1 has type 'GLfloat *'
  textfile.cpp
  Matrices.cpp
c:\users\黃孟霖\desktop\2017下\計算機圖學\hw3_103062315\cg_hw3\cg_hw3\matrices.cpp(457): warning C4244: 'argument': conversion from 'double' to 'float', possible loss of data
c:\users\黃孟霖\desktop\2017下\計算機圖學\hw3_103062315\cg_hw3\cg_hw3\matrices.cpp(458): warning C4244: 'argument': conversion from 'double' to 'float', possible loss of data
  main.cpp
c:\users\黃孟霖\desktop\2017下\計算機圖學\hw3_103062315\cg_hw3\cg_hw3\main.cpp(84): warning C4101: 'maxVal': unreferenced local variable
c:\users\黃孟霖\desktop\2017下\計算機圖學\hw3_103062315\cg_hw3\cg_hw3\main.cpp(85): warning C4101: 'minVal': unreferenced local variable
c:\users\黃孟霖\desktop\2017下\計算機圖學\hw3_103062315\cg_hw3\cg_hw3\main.cpp(228): warning C4838: conversion from 'double' to 'GLfloat' requires a narrowing conversion
c:\users\黃孟霖\desktop\2017下\計算機圖學\hw3_103062315\cg_hw3\cg_hw3\main.cpp(228): warning C4305: 'initializing': truncation from 'double' to 'GLfloat'
c:\users\黃孟霖\desktop\2017下\計算機圖學\hw3_103062315\cg_hw3\cg_hw3\main.cpp(299): warning C4305: '+=': truncation from 'double' to 'float'
c:\users\黃孟霖\desktop\2017下\計算機圖學\hw3_103062315\cg_hw3\cg_hw3\main.cpp(385): warning C4305: '=': truncation from 'double' to 'float'
c:\users\黃孟霖\desktop\2017下\計算機圖學\hw3_103062315\cg_hw3\cg_hw3\main.cpp(386): warning C4305: '=': truncation from 'double' to 'float'
c:\users\黃孟霖\desktop\2017下\計算機圖學\hw3_103062315\cg_hw3\cg_hw3\main.cpp(387): warning C4305: '=': truncation from 'double' to 'float'
c:\users\黃孟霖\desktop\2017下\計算機圖學\hw3_103062315\cg_hw3\cg_hw3\main.cpp(421): warning C4305: '=': truncation from 'double' to 'float'
c:\users\黃孟霖\desktop\2017下\計算機圖學\hw3_103062315\cg_hw3\cg_hw3\main.cpp(422): warning C4305: '=': truncation from 'double' to 'float'
c:\users\黃孟霖\desktop\2017下\計算機圖學\hw3_103062315\cg_hw3\cg_hw3\main.cpp(423): warning C4305: '=': truncation from 'double' to 'float'
c:\users\黃孟霖\desktop\2017下\計算機圖學\hw3_103062315\cg_hw3\cg_hw3\main.cpp(434): warning C4305: '=': truncation from 'double' to 'float'
c:\users\黃孟霖\desktop\2017下\計算機圖學\hw3_103062315\cg_hw3\cg_hw3\main.cpp(442): warning C4305: '=': truncation from 'double' to 'float'
c:\users\黃孟霖\desktop\2017下\計算機圖學\hw3_103062315\cg_hw3\cg_hw3\main.cpp(443): warning C4305: '=': truncation from 'double' to 'float'
c:\users\黃孟霖\desktop\2017下\計算機圖學\hw3_103062315\cg_hw3\cg_hw3\main.cpp(444): warning C4305: '=': truncation from 'double' to 'float'
c:\users\黃孟霖\desktop\2017下\計算機圖學\hw3_103062315\cg_hw3\cg_hw3\main.cpp(454): warning C4305: '=': truncation from 'double' to 'float'
c:\users\黃孟霖\desktop\2017下\計算機圖學\hw3_103062315\cg_hw3\cg_hw3\main.cpp(455): warning C4305: '=': truncation from 'double' to 'float'
c:\users\黃孟霖\desktop\2017下\計算機圖學\hw3_103062315\cg_hw3\cg_hw3\main.cpp(609): warning C4305: '-=': truncation from 'double' to 'float'
c:\users\黃孟霖\desktop\2017下\計算機圖學\hw3_103062315\cg_hw3\cg_hw3\main.cpp(614): warning C4305: '+=': truncation from 'double' to 'float'
c:\users\黃孟霖\desktop\2017下\計算機圖學\hw3_103062315\cg_hw3\cg_hw3\main.cpp(742): warning C4305: '-=': truncation from 'double' to 'float'
c:\users\黃孟霖\desktop\2017下\計算機圖學\hw3_103062315\cg_hw3\cg_hw3\main.cpp(749): warning C4305: '+=': truncation from 'double' to 'float'
c:\users\黃孟霖\desktop\2017下\計算機圖學\hw3_103062315\cg_hw3\cg_hw3\main.cpp(754): warning C4305: '+=': truncation from 'double' to 'float'
c:\users\黃孟霖\desktop\2017下\計算機圖學\hw3_103062315\cg_hw3\cg_hw3\main.cpp(759): warning C4305: '-=': truncation from 'double' to 'float'
  Generating Code...
  CG_HW3.vcxproj -> C:\Users\黃孟霖\Desktop\2017下\計算機圖學\HW3_103062315\CG_HW3\Debug\CG_HW3.exe
  CG_HW3.vcxproj -> C:\Users\黃孟霖\Desktop\2017下\計算機圖學\HW3_103062315\CG_HW3\Debug\CG_HW3.pdb (Full PDB)
