  glm.c
glm.c(1450): warning C4477: 'fprintf' : format string '%d' requires an argument of type 'int', but variadic argument 1 has type 'GLfloat *'
  main.cpp
main.cpp(389): warning C4244: 'argument': conversion from 'double' to 'float', possible loss of data
main.cpp(485): warning C4244: 'argument': conversion from 'double' to 'float', possible loss of data
main.cpp(579): warning C4244: '=': conversion from 'int' to 'float', possible loss of data
main.cpp(580): warning C4244: '=': conversion from 'int' to 'float', possible loss of data
main.cpp(589): warning C4244: '=': conversion from 'int' to 'float', possible loss of data
main.cpp(590): warning C4244: '=': conversion from 'int' to 'float', possible loss of data
main.cpp(594): warning C4305: '+=': truncation from 'double' to 'float'
main.cpp(595): warning C4305: '+=': truncation from 'double' to 'float'
main.cpp(597): warning C4305: '+=': truncation from 'double' to 'float'
main.cpp(605): warning C4305: '-=': truncation from 'double' to 'float'
main.cpp(607): warning C4305: '-=': truncation from 'double' to 'float'
main.cpp(611): warning C4305: '-=': truncation from 'double' to 'float'
main.cpp(647): warning C4244: '=': conversion from 'int' to 'float', possible loss of data
main.cpp(648): warning C4244: '=': conversion from 'int' to 'float', possible loss of data
main.cpp(661): warning C4244: '=': conversion from 'int' to 'float', possible loss of data
main.cpp(662): warning C4244: '=': conversion from 'int' to 'float', possible loss of data
main.cpp(668): warning C4244: '=': conversion from 'int' to 'float', possible loss of data
main.cpp(669): warning C4244: '=': conversion from 'int' to 'float', possible loss of data
main.cpp(674): warning C4244: '=': conversion from 'int' to 'float', possible loss of data
main.cpp(675): warning C4244: '=': conversion from 'int' to 'float', possible loss of data
main.cpp(680): warning C4244: '=': conversion from 'int' to 'float', possible loss of data
main.cpp(681): warning C4244: '=': conversion from 'int' to 'float', possible loss of data
main.cpp(692): warning C4244: '=': conversion from 'int' to 'float', possible loss of data
main.cpp(693): warning C4244: '=': conversion from 'int' to 'float', possible loss of data
  Matrices.cpp
Matrices.cpp(457): warning C4244: 'argument': conversion from 'double' to 'float', possible loss of data
Matrices.cpp(458): warning C4244: 'argument': conversion from 'double' to 'float', possible loss of data
  textfile.cpp
  Generating code
  53 of 55 functions (96.4%) were compiled, the rest were copied from previous compilation.
    2 functions were new in current compilation
    0 functions had inline decision re-evaluated but remain unchanged
  Finished generating code
  CG_HW2.vcxproj -> C:\Users\黃孟霖\Desktop\HW2_103062315\CG_HW2\CG_HW2\Release\CG_HW2.exe
  CG_HW2.vcxproj -> C:\Users\黃孟霖\Desktop\HW2_103062315\CG_HW2\CG_HW2\Release\CG_HW2.pdb (Full PDB)
